#
# There is insufficient memory for the Java Runtime Environment to continue.
# Native memory allocation (mmap) failed to map 65536 bytes. Error detail: Failed to commit metaspace.
# Possible reasons:
#   The system is out of physical RAM or swap space
#   This process is running with CompressedOops enabled, and the Java Heap may be blocking the growth of the native heap
# Possible solutions:
#   Reduce memory load on the system
#   Increase physical memory or swap space
#   Check if swap backing store is full
#   Decrease Java heap size (-Xmx/-Xms)
#   Decrease number of Java threads
#   Decrease Java thread stack sizes (-Xss)
#   Set larger code cache with -XX:ReservedCodeCacheSize=
#   JVM is running with Unscaled Compressed Oops mode in which the Java heap is
#     placed in the first 4GB address space. The Java Heap base address is the
#     maximum limit for the native heap growth. Please use -XX:HeapBaseMinAddress
#     to set the Java Heap base and to place the Java Heap above 4GB virtual address.
# This output file may be truncated or incomplete.
#
#  Out of Memory Error (virtualSpaceNode.cpp:113), pid=19112, tid=25116
#
# JRE version: OpenJDK Runtime Environment Zulu24.32+13-CA (24.0.2+12) (build 24.0.2+12)
# Java VM: OpenJDK 64-Bit Server VM Zulu24.32+13-CA (24.0.2+12, mixed mode, tiered, compressed oops, compressed class ptrs, g1 gc, windows-amd64)
# No core dump will be written. Minidumps are not enabled by default on client versions of Windows
#

---------------  S U M M A R Y ------------

Command Line: -Dfile.encoding=UTF-8 --module-path=C:\Users\DFIT\Documents\NetBeansProjects\Travel Management System\build\classes travel.management.system.Dashboard

Host: 12th Gen Intel(R) Core(TM) i5-12500H, 16 cores, 7G,  Windows 11 , 64 bit Build 26100 (10.0.26100.5074)
Time: Sun Sep  7 02:02:42 2025 Bangladesh Standard Time elapsed time: 7.265800 seconds (0d 0h 0m 7s)

---------------  T H R E A D  ---------------

Current thread (0x00000223b12583a0):  JavaThread "C1 CompilerThread0" daemon [_thread_in_vm, id=25116, stack(0x000000e166f00000,0x000000e167000000) (1024K)]


Current CompileTask:
C1:7265  394       3       java.lang.invoke.LambdaForm::argument (27 bytes)

Stack: [0x000000e166f00000,0x000000e167000000]
Native frames: (J=compiled Java code, j=interpreted, Vv=VM code, C=native code)
V  [jvm.dll+0x741329]  (no source info available)
V  [jvm.dll+0x97e243]  (no source info available)
V  [jvm.dll+0x98056d]  (no source info available)
V  [jvm.dll+0x980be3]  (no source info available)
V  [jvm.dll+0x2b5a76]  (no source info available)
V  [jvm.dll+0x979ebe]  (no source info available)
V  [jvm.dll+0x6db8a5]  (no source info available)
V  [jvm.dll+0x6db90a]  (no source info available)
V  [jvm.dll+0x6de302]  (no source info available)
V  [jvm.dll+0x6de067]  (no source info available)
V  [jvm.dll+0x25682c]  (no source info available)
V  [jvm.dll+0x6dc2c8]  (no source info available)
V  [jvm.dll+0x6ee4fa]  (no source info available)
V  [jvm.dll+0x6e776b]  (no source info available)
V  [jvm.dll+0x221c90]  (no source info available)
V  [jvm.dll+0x221e75]  (no source info available)
V  [jvm.dll+0x18c1c4]  (no source info available)
V  [jvm.dll+0x18c02b]  (no source info available)
V  [jvm.dll+0x183a82]  (no source info available)
V  [jvm.dll+0x185ce9]  (no source info available)
V  [jvm.dll+0x18431c]  (no source info available)
V  [jvm.dll+0x17d7ae]  (no source info available)
V  [jvm.dll+0x18dd41]  (no source info available)
V  [jvm.dll+0x1789fb]  (no source info available)
V  [jvm.dll+0x178dea]  (no source info available)
V  [jvm.dll+0x17916b]  (no source info available)
V  [jvm.dll+0x17852c]  (no source info available)
V  [jvm.dll+0x17a31d]  (no source info available)
V  [jvm.dll+0x288d95]  (no source info available)
V  [jvm.dll+0x28702a]  (no source info available)
V  [jvm.dll+0x43e016]  (no source info available)
V  [jvm.dll+0x920c78]  (no source info available)
V  [jvm.dll+0x73fab5]  (no source info available)
C  [ucrtbase.dll+0x37b0]  (no source info available)
C  [KERNEL32.DLL+0x2e8d7]  (no source info available)
C  [ntdll.dll+0x8d9c]  (no source info available)

Lock stack of current Java thread (top to bottom):


---------------  P R O C E S S  ---------------

Threads class SMR info:
_java_thread_list=0x00000223b15b44d0, length=12, elements={
0x00000223914a8ad0, 0x00000223b1235630, 0x00000223b1236280, 0x00000223b1254830,
0x00000223b1255360, 0x00000223b1255e90, 0x00000223b12569c0, 0x00000223b1257820,
0x00000223b12583a0, 0x00000223b13fc140, 0x00000223b14aa100, 0x00000223b1549ea0
}

Java Threads: ( => current thread )
  0x00000223914a8ad0 JavaThread "main"                              [_thread_in_vm, id=9672, stack(0x000000e166000000,0x000000e166100000) (1024K)]
  0x00000223b1235630 JavaThread "Reference Handler"          daemon [_thread_blocked, id=24808, stack(0x000000e166800000,0x000000e166900000) (1024K)]
  0x00000223b1236280 JavaThread "Finalizer"                  daemon [_thread_blocked, id=18720, stack(0x000000e166900000,0x000000e166a00000) (1024K)]
  0x00000223b1254830 JavaThread "Signal Dispatcher"          daemon [_thread_blocked, id=14820, stack(0x000000e166a00000,0x000000e166b00000) (1024K)]
  0x00000223b1255360 JavaThread "Attach Listener"            daemon [_thread_blocked, id=19664, stack(0x000000e166b00000,0x000000e166c00000) (1024K)]
  0x00000223b1255e90 JavaThread "Service Thread"             daemon [_thread_blocked, id=25028, stack(0x000000e166c00000,0x000000e166d00000) (1024K)]
  0x00000223b12569c0 JavaThread "Monitor Deflation Thread"   daemon [_thread_blocked, id=10652, stack(0x000000e166d00000,0x000000e166e00000) (1024K)]
  0x00000223b1257820 JavaThread "C2 CompilerThread0"         daemon [_thread_blocked, id=5964, stack(0x000000e166e00000,0x000000e166f00000) (1024K)]
=>0x00000223b12583a0 JavaThread "C1 CompilerThread0"         daemon [_thread_in_vm, id=25116, stack(0x000000e166f00000,0x000000e167000000) (1024K)]
  0x00000223b13fc140 JavaThread "C1 CompilerThread1"         daemon [_thread_in_vm, id=14460, stack(0x000000e167000000,0x000000e167100000) (1024K)]
  0x00000223b14aa100 JavaThread "Common-Cleaner"             daemon [_thread_blocked, id=13284, stack(0x000000e167100000,0x000000e167200000) (1024K)]
  0x00000223b1549ea0 JavaThread "Notification Thread"        daemon [_thread_blocked, id=19956, stack(0x000000e167300000,0x000000e167400000) (1024K)]
Total: 12

Other Threads:
  0x00000223b11f2390 VMThread "VM Thread"                           [id=14888, stack(0x000000e166700000,0x000000e166800000) (1024K)]
  0x00000223b11d3f00 WatcherThread "VM Periodic Task Thread"        [id=24160, stack(0x000000e166600000,0x000000e166700000) (1024K)]
  0x000002239388da90 WorkerThread "GC Thread#0"                     [id=17064, stack(0x000000e166100000,0x000000e166200000) (1024K)]
  0x00000223938a1eb0 ConcurrentGCThread "G1 Main Marker"            [id=12976, stack(0x000000e166200000,0x000000e166300000) (1024K)]
  0x00000223938a38b0 WorkerThread "G1 Conc#0"                       [id=15204, stack(0x000000e166300000,0x000000e166400000) (1024K)]
  0x00000223b10979a0 ConcurrentGCThread "G1 Refine#0"               [id=9692, stack(0x000000e166400000,0x000000e166500000) (1024K)]
  0x00000223b109b1f0 ConcurrentGCThread "G1 Service"                [id=17132, stack(0x000000e166500000,0x000000e166600000) (1024K)]
Total: 7

Threads with active compile tasks:
C1 CompilerThread0  8272  394       3       java.lang.invoke.LambdaForm::argument (27 bytes)
C1 CompilerThread1  8272  395       3       java.lang.invoke.LambdaForm$BasicType::basicType (187 bytes)
Total: 2

VM state: not at safepoint (normal execution)

VM Mutex/Monitor currently owned by a thread:  ([mutex/lock_event])
[0x00007ffe756a3048] Metaspace_lock - owner thread: 0x00000223b12583a0

Heap address: 0x0000000084e00000, size: 1970 MB, Compressed Oops mode: 32-bit

CDS archive(s) not mapped
Compressed class space mapped at: 0x0000000033000000-0x0000000073000000, reserved size: 1073741824
UseCompressedClassPointers 1, UseCompactObjectHeaders 0
Narrow klass pointer bits 32, Max shift 3
Narrow klass base: 0x0000000000000000, Narrow klass shift: 0
Encoding Range: [0x0000000000000000 - 0x0000000100000000), (4294967296 bytes)
Klass Range:    [0x0000000033000000 - 0x0000000073000000), (1073741824 bytes)
Klass ID Range:  [855638016 - 1929379833) (1073741817)

GC Precious Log:
 CardTable entry size: 512
 Card Set container configuration: InlinePtr #cards 5 size 8 Array Of Cards #cards 10 size 36 Howl #buckets 4 coarsen threshold 1843 Howl Bitmap #cards 512 size 80 coarsen threshold 460 Card regions per heap region 1 cards per card region 2048
 CPUs: 16 total, 16 available
 Memory: 7877M
 Large Page Support: Disabled
 NUMA Support: Disabled
 Compressed Oops: Enabled (32-bit)
 Heap Region Size: 1M
 Heap Min Capacity: 8M
 Heap Initial Capacity: 124M
 Heap Max Capacity: 1970M
 Pre-touch: Disabled
 Parallel Workers: 13
 Concurrent Workers: 3
 Concurrent Refinement Workers: 13
 Periodic GC: Disabled

Heap:
 garbage-first heap   total reserved 2017280K, committed 126976K, used 4096K [0x0000000084e00000, 0x0000000100000000)
  region size 1024K, 5 young (5120K), 0 survivors (0K)
 Metaspace       used 9212K, committed 9280K, reserved 1114112K
  class space    used 644K, committed 704K, reserved 1048576K

Heap Regions: E=young(eden), S=young(survivor), O=old, HS=humongous(starts), HC=humongous(continues), CS=collection set, F=free, TAMS=top-at-mark-start, PB=parsable bottom
|   0|0x0000000084e00000, 0x0000000084e00000, 0x0000000084f00000|  0%| F|  |TAMS 0x0000000084e00000| PB 0x0000000084e00000| Untracked |  0
|   1|0x0000000084f00000, 0x0000000084f00000, 0x0000000085000000|  0%| F|  |TAMS 0x0000000084f00000| PB 0x0000000084f00000| Untracked |  0
|   2|0x0000000085000000, 0x0000000085000000, 0x0000000085100000|  0%| F|  |TAMS 0x0000000085000000| PB 0x0000000085000000| Untracked |  0
|   3|0x0000000085100000, 0x0000000085100000, 0x0000000085200000|  0%| F|  |TAMS 0x0000000085100000| PB 0x0000000085100000| Untracked |  0
|   4|0x0000000085200000, 0x0000000085200000, 0x0000000085300000|  0%| F|  |TAMS 0x0000000085200000| PB 0x0000000085200000| Untracked |  0
|   5|0x0000000085300000, 0x0000000085300000, 0x0000000085400000|  0%| F|  |TAMS 0x0000000085300000| PB 0x0000000085300000| Untracked |  0
|   6|0x0000000085400000, 0x0000000085400000, 0x0000000085500000|  0%| F|  |TAMS 0x0000000085400000| PB 0x0000000085400000| Untracked |  0
|   7|0x0000000085500000, 0x0000000085500000, 0x0000000085600000|  0%| F|  |TAMS 0x0000000085500000| PB 0x0000000085500000| Untracked |  0
|   8|0x0000000085600000, 0x0000000085600000, 0x0000000085700000|  0%| F|  |TAMS 0x0000000085600000| PB 0x0000000085600000| Untracked |  0
|   9|0x0000000085700000, 0x0000000085700000, 0x0000000085800000|  0%| F|  |TAMS 0x0000000085700000| PB 0x0000000085700000| Untracked |  0
|  10|0x0000000085800000, 0x0000000085800000, 0x0000000085900000|  0%| F|  |TAMS 0x0000000085800000| PB 0x0000000085800000| Untracked |  0
|  11|0x0000000085900000, 0x0000000085900000, 0x0000000085a00000|  0%| F|  |TAMS 0x0000000085900000| PB 0x0000000085900000| Untracked |  0
|  12|0x0000000085a00000, 0x0000000085a00000, 0x0000000085b00000|  0%| F|  |TAMS 0x0000000085a00000| PB 0x0000000085a00000| Untracked |  0
|  13|0x0000000085b00000, 0x0000000085b00000, 0x0000000085c00000|  0%| F|  |TAMS 0x0000000085b00000| PB 0x0000000085b00000| Untracked |  0
|  14|0x0000000085c00000, 0x0000000085c00000, 0x0000000085d00000|  0%| F|  |TAMS 0x0000000085c00000| PB 0x0000000085c00000| Untracked |  0
|  15|0x0000000085d00000, 0x0000000085d00000, 0x0000000085e00000|  0%| F|  |TAMS 0x0000000085d00000| PB 0x0000000085d00000| Untracked |  0
|  16|0x0000000085e00000, 0x0000000085e00000, 0x0000000085f00000|  0%| F|  |TAMS 0x0000000085e00000| PB 0x0000000085e00000| Untracked |  0
|  17|0x0000000085f00000, 0x0000000085f00000, 0x0000000086000000|  0%| F|  |TAMS 0x0000000085f00000| PB 0x0000000085f00000| Untracked |  0
|  18|0x0000000086000000, 0x0000000086000000, 0x0000000086100000|  0%| F|  |TAMS 0x0000000086000000| PB 0x0000000086000000| Untracked |  0
|  19|0x0000000086100000, 0x0000000086100000, 0x0000000086200000|  0%| F|  |TAMS 0x0000000086100000| PB 0x0000000086100000| Untracked |  0
|  20|0x0000000086200000, 0x0000000086200000, 0x0000000086300000|  0%| F|  |TAMS 0x0000000086200000| PB 0x0000000086200000| Untracked |  0
|  21|0x0000000086300000, 0x0000000086300000, 0x0000000086400000|  0%| F|  |TAMS 0x0000000086300000| PB 0x0000000086300000| Untracked |  0
|  22|0x0000000086400000, 0x0000000086400000, 0x0000000086500000|  0%| F|  |TAMS 0x0000000086400000| PB 0x0000000086400000| Untracked |  0
|  23|0x0000000086500000, 0x0000000086500000, 0x0000000086600000|  0%| F|  |TAMS 0x0000000086500000| PB 0x0000000086500000| Untracked |  0
|  24|0x0000000086600000, 0x0000000086600000, 0x0000000086700000|  0%| F|  |TAMS 0x0000000086600000| PB 0x0000000086600000| Untracked |  0
|  25|0x0000000086700000, 0x0000000086700000, 0x0000000086800000|  0%| F|  |TAMS 0x0000000086700000| PB 0x0000000086700000| Untracked |  0
|  26|0x0000000086800000, 0x0000000086800000, 0x0000000086900000|  0%| F|  |TAMS 0x0000000086800000| PB 0x0000000086800000| Untracked |  0
|  27|0x0000000086900000, 0x0000000086900000, 0x0000000086a00000|  0%| F|  |TAMS 0x0000000086900000| PB 0x0000000086900000| Untracked |  0
|  28|0x0000000086a00000, 0x0000000086a00000, 0x0000000086b00000|  0%| F|  |TAMS 0x0000000086a00000| PB 0x0000000086a00000| Untracked |  0
|  29|0x0000000086b00000, 0x0000000086b00000, 0x0000000086c00000|  0%| F|  |TAMS 0x0000000086b00000| PB 0x0000000086b00000| Untracked |  0
|  30|0x0000000086c00000, 0x0000000086c00000, 0x0000000086d00000|  0%| F|  |TAMS 0x0000000086c00000| PB 0x0000000086c00000| Untracked |  0
|  31|0x0000000086d00000, 0x0000000086d00000, 0x0000000086e00000|  0%| F|  |TAMS 0x0000000086d00000| PB 0x0000000086d00000| Untracked |  0
|  32|0x0000000086e00000, 0x0000000086e00000, 0x0000000086f00000|  0%| F|  |TAMS 0x0000000086e00000| PB 0x0000000086e00000| Untracked |  0
|  33|0x0000000086f00000, 0x0000000086f00000, 0x0000000087000000|  0%| F|  |TAMS 0x0000000086f00000| PB 0x0000000086f00000| Untracked |  0
|  34|0x0000000087000000, 0x0000000087000000, 0x0000000087100000|  0%| F|  |TAMS 0x0000000087000000| PB 0x0000000087000000| Untracked |  0
|  35|0x0000000087100000, 0x0000000087100000, 0x0000000087200000|  0%| F|  |TAMS 0x0000000087100000| PB 0x0000000087100000| Untracked |  0
|  36|0x0000000087200000, 0x0000000087200000, 0x0000000087300000|  0%| F|  |TAMS 0x0000000087200000| PB 0x0000000087200000| Untracked |  0
|  37|0x0000000087300000, 0x0000000087300000, 0x0000000087400000|  0%| F|  |TAMS 0x0000000087300000| PB 0x0000000087300000| Untracked |  0
|  38|0x0000000087400000, 0x0000000087400000, 0x0000000087500000|  0%| F|  |TAMS 0x0000000087400000| PB 0x0000000087400000| Untracked |  0
|  39|0x0000000087500000, 0x0000000087500000, 0x0000000087600000|  0%| F|  |TAMS 0x0000000087500000| PB 0x0000000087500000| Untracked |  0
|  40|0x0000000087600000, 0x0000000087600000, 0x0000000087700000|  0%| F|  |TAMS 0x0000000087600000| PB 0x0000000087600000| Untracked |  0
|  41|0x0000000087700000, 0x0000000087700000, 0x0000000087800000|  0%| F|  |TAMS 0x0000000087700000| PB 0x0000000087700000| Untracked |  0
|  42|0x0000000087800000, 0x0000000087800000, 0x0000000087900000|  0%| F|  |TAMS 0x0000000087800000| PB 0x0000000087800000| Untracked |  0
|  43|0x0000000087900000, 0x0000000087900000, 0x0000000087a00000|  0%| F|  |TAMS 0x0000000087900000| PB 0x0000000087900000| Untracked |  0
|  44|0x0000000087a00000, 0x0000000087a00000, 0x0000000087b00000|  0%| F|  |TAMS 0x0000000087a00000| PB 0x0000000087a00000| Untracked |  0
|  45|0x0000000087b00000, 0x0000000087b00000, 0x0000000087c00000|  0%| F|  |TAMS 0x0000000087b00000| PB 0x0000000087b00000| Untracked |  0
|  46|0x0000000087c00000, 0x0000000087c00000, 0x0000000087d00000|  0%| F|  |TAMS 0x0000000087c00000| PB 0x0000000087c00000| Untracked |  0
|  47|0x0000000087d00000, 0x0000000087d00000, 0x0000000087e00000|  0%| F|  |TAMS 0x0000000087d00000| PB 0x0000000087d00000| Untracked |  0
|  48|0x0000000087e00000, 0x0000000087e00000, 0x0000000087f00000|  0%| F|  |TAMS 0x0000000087e00000| PB 0x0000000087e00000| Untracked |  0
|  49|0x0000000087f00000, 0x0000000087f00000, 0x0000000088000000|  0%| F|  |TAMS 0x0000000087f00000| PB 0x0000000087f00000| Untracked |  0
|  50|0x0000000088000000, 0x0000000088000000, 0x0000000088100000|  0%| F|  |TAMS 0x0000000088000000| PB 0x0000000088000000| Untracked |  0
|  51|0x0000000088100000, 0x0000000088100000, 0x0000000088200000|  0%| F|  |TAMS 0x0000000088100000| PB 0x0000000088100000| Untracked |  0
|  52|0x0000000088200000, 0x0000000088200000, 0x0000000088300000|  0%| F|  |TAMS 0x0000000088200000| PB 0x0000000088200000| Untracked |  0
|  53|0x0000000088300000, 0x0000000088300000, 0x0000000088400000|  0%| F|  |TAMS 0x0000000088300000| PB 0x0000000088300000| Untracked |  0
|  54|0x0000000088400000, 0x0000000088400000, 0x0000000088500000|  0%| F|  |TAMS 0x0000000088400000| PB 0x0000000088400000| Untracked |  0
|  55|0x0000000088500000, 0x0000000088500000, 0x0000000088600000|  0%| F|  |TAMS 0x0000000088500000| PB 0x0000000088500000| Untracked |  0
|  56|0x0000000088600000, 0x0000000088600000, 0x0000000088700000|  0%| F|  |TAMS 0x0000000088600000| PB 0x0000000088600000| Untracked |  0
|  57|0x0000000088700000, 0x0000000088700000, 0x0000000088800000|  0%| F|  |TAMS 0x0000000088700000| PB 0x0000000088700000| Untracked |  0
|  58|0x0000000088800000, 0x0000000088800000, 0x0000000088900000|  0%| F|  |TAMS 0x0000000088800000| PB 0x0000000088800000| Untracked |  0
|  59|0x0000000088900000, 0x0000000088900000, 0x0000000088a00000|  0%| F|  |TAMS 0x0000000088900000| PB 0x0000000088900000| Untracked |  0
|  60|0x0000000088a00000, 0x0000000088a00000, 0x0000000088b00000|  0%| F|  |TAMS 0x0000000088a00000| PB 0x0000000088a00000| Untracked |  0
|  61|0x0000000088b00000, 0x0000000088b00000, 0x0000000088c00000|  0%| F|  |TAMS 0x0000000088b00000| PB 0x0000000088b00000| Untracked |  0
|  62|0x0000000088c00000, 0x0000000088c00000, 0x0000000088d00000|  0%| F|  |TAMS 0x0000000088c00000| PB 0x0000000088c00000| Untracked |  0
|  63|0x0000000088d00000, 0x0000000088d00000, 0x0000000088e00000|  0%| F|  |TAMS 0x0000000088d00000| PB 0x0000000088d00000| Untracked |  0
|  64|0x0000000088e00000, 0x0000000088e00000, 0x0000000088f00000|  0%| F|  |TAMS 0x0000000088e00000| PB 0x0000000088e00000| Untracked |  0
|  65|0x0000000088f00000, 0x0000000088f00000, 0x0000000089000000|  0%| F|  |TAMS 0x0000000088f00000| PB 0x0000000088f00000| Untracked |  0
|  66|0x0000000089000000, 0x0000000089000000, 0x0000000089100000|  0%| F|  |TAMS 0x0000000089000000| PB 0x0000000089000000| Untracked |  0
|  67|0x0000000089100000, 0x0000000089100000, 0x0000000089200000|  0%| F|  |TAMS 0x0000000089100000| PB 0x0000000089100000| Untracked |  0
|  68|0x0000000089200000, 0x0000000089200000, 0x0000000089300000|  0%| F|  |TAMS 0x0000000089200000| PB 0x0000000089200000| Untracked |  0
|  69|0x0000000089300000, 0x0000000089300000, 0x0000000089400000|  0%| F|  |TAMS 0x0000000089300000| PB 0x0000000089300000| Untracked |  0
|  70|0x0000000089400000, 0x0000000089400000, 0x0000000089500000|  0%| F|  |TAMS 0x0000000089400000| PB 0x0000000089400000| Untracked |  0
|  71|0x0000000089500000, 0x0000000089500000, 0x0000000089600000|  0%| F|  |TAMS 0x0000000089500000| PB 0x0000000089500000| Untracked |  0
|  72|0x0000000089600000, 0x0000000089600000, 0x0000000089700000|  0%| F|  |TAMS 0x0000000089600000| PB 0x0000000089600000| Untracked |  0
|  73|0x0000000089700000, 0x0000000089700000, 0x0000000089800000|  0%| F|  |TAMS 0x0000000089700000| PB 0x0000000089700000| Untracked |  0
|  74|0x0000000089800000, 0x0000000089800000, 0x0000000089900000|  0%| F|  |TAMS 0x0000000089800000| PB 0x0000000089800000| Untracked |  0
|  75|0x0000000089900000, 0x0000000089900000, 0x0000000089a00000|  0%| F|  |TAMS 0x0000000089900000| PB 0x0000000089900000| Untracked |  0
|  76|0x0000000089a00000, 0x0000000089a00000, 0x0000000089b00000|  0%| F|  |TAMS 0x0000000089a00000| PB 0x0000000089a00000| Untracked |  0
|  77|0x0000000089b00000, 0x0000000089b00000, 0x0000000089c00000|  0%| F|  |TAMS 0x0000000089b00000| PB 0x0000000089b00000| Untracked |  0
|  78|0x0000000089c00000, 0x0000000089c00000, 0x0000000089d00000|  0%| F|  |TAMS 0x0000000089c00000| PB 0x0000000089c00000| Untracked |  0
|  79|0x0000000089d00000, 0x0000000089d00000, 0x0000000089e00000|  0%| F|  |TAMS 0x0000000089d00000| PB 0x0000000089d00000| Untracked |  0
|  80|0x0000000089e00000, 0x0000000089e00000, 0x0000000089f00000|  0%| F|  |TAMS 0x0000000089e00000| PB 0x0000000089e00000| Untracked |  0
|  81|0x0000000089f00000, 0x0000000089f00000, 0x000000008a000000|  0%| F|  |TAMS 0x0000000089f00000| PB 0x0000000089f00000| Untracked |  0
|  82|0x000000008a000000, 0x000000008a000000, 0x000000008a100000|  0%| F|  |TAMS 0x000000008a000000| PB 0x000000008a000000| Untracked |  0
|  83|0x000000008a100000, 0x000000008a100000, 0x000000008a200000|  0%| F|  |TAMS 0x000000008a100000| PB 0x000000008a100000| Untracked |  0
|  84|0x000000008a200000, 0x000000008a200000, 0x000000008a300000|  0%| F|  |TAMS 0x000000008a200000| PB 0x000000008a200000| Untracked |  0
|  85|0x000000008a300000, 0x000000008a300000, 0x000000008a400000|  0%| F|  |TAMS 0x000000008a300000| PB 0x000000008a300000| Untracked |  0
|  86|0x000000008a400000, 0x000000008a400000, 0x000000008a500000|  0%| F|  |TAMS 0x000000008a400000| PB 0x000000008a400000| Untracked |  0
|  87|0x000000008a500000, 0x000000008a500000, 0x000000008a600000|  0%| F|  |TAMS 0x000000008a500000| PB 0x000000008a500000| Untracked |  0
|  88|0x000000008a600000, 0x000000008a600000, 0x000000008a700000|  0%| F|  |TAMS 0x000000008a600000| PB 0x000000008a600000| Untracked |  0
|  89|0x000000008a700000, 0x000000008a700000, 0x000000008a800000|  0%| F|  |TAMS 0x000000008a700000| PB 0x000000008a700000| Untracked |  0
|  90|0x000000008a800000, 0x000000008a800000, 0x000000008a900000|  0%| F|  |TAMS 0x000000008a800000| PB 0x000000008a800000| Untracked |  0
|  91|0x000000008a900000, 0x000000008a900000, 0x000000008aa00000|  0%| F|  |TAMS 0x000000008a900000| PB 0x000000008a900000| Untracked |  0
|  92|0x000000008aa00000, 0x000000008aa00000, 0x000000008ab00000|  0%| F|  |TAMS 0x000000008aa00000| PB 0x000000008aa00000| Untracked |  0
|  93|0x000000008ab00000, 0x000000008ab00000, 0x000000008ac00000|  0%| F|  |TAMS 0x000000008ab00000| PB 0x000000008ab00000| Untracked |  0
|  94|0x000000008ac00000, 0x000000008ac00000, 0x000000008ad00000|  0%| F|  |TAMS 0x000000008ac00000| PB 0x000000008ac00000| Untracked |  0
|  95|0x000000008ad00000, 0x000000008ad00000, 0x000000008ae00000|  0%| F|  |TAMS 0x000000008ad00000| PB 0x000000008ad00000| Untracked |  0
|  96|0x000000008ae00000, 0x000000008ae00000, 0x000000008af00000|  0%| F|  |TAMS 0x000000008ae00000| PB 0x000000008ae00000| Untracked |  0
|  97|0x000000008af00000, 0x000000008af00000, 0x000000008b000000|  0%| F|  |TAMS 0x000000008af00000| PB 0x000000008af00000| Untracked |  0
|  98|0x000000008b000000, 0x000000008b000000, 0x000000008b100000|  0%| F|  |TAMS 0x000000008b000000| PB 0x000000008b000000| Untracked |  0
|  99|0x000000008b100000, 0x000000008b100000, 0x000000008b200000|  0%| F|  |TAMS 0x000000008b100000| PB 0x000000008b100000| Untracked |  0
| 100|0x000000008b200000, 0x000000008b200000, 0x000000008b300000|  0%| F|  |TAMS 0x000000008b200000| PB 0x000000008b200000| Untracked |  0
| 101|0x000000008b300000, 0x000000008b300000, 0x000000008b400000|  0%| F|  |TAMS 0x000000008b300000| PB 0x000000008b300000| Untracked |  0
| 102|0x000000008b400000, 0x000000008b400000, 0x000000008b500000|  0%| F|  |TAMS 0x000000008b400000| PB 0x000000008b400000| Untracked |  0
| 103|0x000000008b500000, 0x000000008b500000, 0x000000008b600000|  0%| F|  |TAMS 0x000000008b500000| PB 0x000000008b500000| Untracked |  0
| 104|0x000000008b600000, 0x000000008b600000, 0x000000008b700000|  0%| F|  |TAMS 0x000000008b600000| PB 0x000000008b600000| Untracked |  0
| 105|0x000000008b700000, 0x000000008b700000, 0x000000008b800000|  0%| F|  |TAMS 0x000000008b700000| PB 0x000000008b700000| Untracked |  0
| 106|0x000000008b800000, 0x000000008b800000, 0x000000008b900000|  0%| F|  |TAMS 0x000000008b800000| PB 0x000000008b800000| Untracked |  0
| 107|0x000000008b900000, 0x000000008b900000, 0x000000008ba00000|  0%| F|  |TAMS 0x000000008b900000| PB 0x000000008b900000| Untracked |  0
| 108|0x000000008ba00000, 0x000000008ba00000, 0x000000008bb00000|  0%| F|  |TAMS 0x000000008ba00000| PB 0x000000008ba00000| Untracked |  0
| 109|0x000000008bb00000, 0x000000008bb00000, 0x000000008bc00000|  0%| F|  |TAMS 0x000000008bb00000| PB 0x000000008bb00000| Untracked |  0
| 110|0x000000008bc00000, 0x000000008bc00000, 0x000000008bd00000|  0%| F|  |TAMS 0x000000008bc00000| PB 0x000000008bc00000| Untracked |  0
| 111|0x000000008bd00000, 0x000000008bd00000, 0x000000008be00000|  0%| F|  |TAMS 0x000000008bd00000| PB 0x000000008bd00000| Untracked |  0
| 112|0x000000008be00000, 0x000000008be00000, 0x000000008bf00000|  0%| F|  |TAMS 0x000000008be00000| PB 0x000000008be00000| Untracked |  0
| 113|0x000000008bf00000, 0x000000008bf00000, 0x000000008c000000|  0%| F|  |TAMS 0x000000008bf00000| PB 0x000000008bf00000| Untracked |  0
| 114|0x000000008c000000, 0x000000008c000000, 0x000000008c100000|  0%| F|  |TAMS 0x000000008c000000| PB 0x000000008c000000| Untracked |  0
| 115|0x000000008c100000, 0x000000008c100000, 0x000000008c200000|  0%| F|  |TAMS 0x000000008c100000| PB 0x000000008c100000| Untracked |  0
| 116|0x000000008c200000, 0x000000008c200000, 0x000000008c300000|  0%| F|  |TAMS 0x000000008c200000| PB 0x000000008c200000| Untracked |  0
| 117|0x000000008c300000, 0x000000008c300000, 0x000000008c400000|  0%| F|  |TAMS 0x000000008c300000| PB 0x000000008c300000| Untracked |  0
| 118|0x000000008c400000, 0x000000008c400000, 0x000000008c500000|  0%| F|  |TAMS 0x000000008c400000| PB 0x000000008c400000| Untracked |  0
| 119|0x000000008c500000, 0x000000008c600000, 0x000000008c600000|100%| E|  |TAMS 0x000000008c500000| PB 0x000000008c500000| Complete |  0
| 120|0x000000008c600000, 0x000000008c700000, 0x000000008c700000|100%| E|CS|TAMS 0x000000008c600000| PB 0x000000008c600000| Complete |  0
| 121|0x000000008c700000, 0x000000008c800000, 0x000000008c800000|100%| E|CS|TAMS 0x000000008c700000| PB 0x000000008c700000| Complete |  0
| 122|0x000000008c800000, 0x000000008c900000, 0x000000008c900000|100%| E|CS|TAMS 0x000000008c800000| PB 0x000000008c800000| Complete |  0
| 123|0x000000008c900000, 0x000000008ca00000, 0x000000008ca00000|100%| E|CS|TAMS 0x000000008c900000| PB 0x000000008c900000| Complete |  0

Card table byte_map: [0x00000223abfb0000,0x00000223ac390000] _byte_map_base: 0x00000223abb89000

Marking Bits: (CMBitMap*) 0x000002239388e1a0
 Bits: [0x00000223ac390000, 0x00000223ae258000)

Polling page: 0x0000022391620000

Metaspace:

Usage:
  Non-class:      8.37 MB used.
      Class:    644.34 KB used.
       Both:      9.00 MB used.

Virtual space:
  Non-class space:       64.00 MB reserved,       8.38 MB ( 13%) committed,  1 nodes.
      Class space:        1.00 GB reserved,     704.00 KB ( <1%) committed,  1 nodes.
             Both:        1.06 GB reserved,       9.06 MB ( <1%) committed. 

Chunk freelists:
   Non-Class:  7.00 MB
       Class:  15.24 MB
        Both:  22.24 MB

MaxMetaspaceSize: unlimited
CompressedClassSpaceSize: 1.00 GB
Initial GC threshold: 21.00 MB
Current GC threshold: 21.00 MB
CDS: off
 - commit_granule_bytes: 65536.
 - commit_granule_words: 8192.
 - virtual_space_node_default_size: 8388608.
 - enlarge_chunks_in_place: 1.
UseCompressedClassPointers 1, UseCompactObjectHeaders 0
Narrow klass pointer bits 32, Max shift 3
Narrow klass base: 0x0000000000000000, Narrow klass shift: 0
Encoding Range: [0x0000000000000000 - 0x0000000100000000), (4294967296 bytes)
Klass Range:    [0x0000000033000000 - 0x0000000073000000), (1073741824 bytes)
Klass ID Range:  [855638016 - 1929379833) (1073741817)


Internal statistics:

num_allocs_failed_limit: 0.
num_arena_births: 18.
num_arena_deaths: 0.
num_vsnodes_births: 2.
num_vsnodes_deaths: 0.
num_space_committed: 145.
num_space_uncommitted: 0.
num_chunks_returned_to_freelist: 0.
num_chunks_taken_from_freelist: 39.
num_chunk_merges: 0.
num_chunk_splits: 17.
num_chunks_enlarged: 6.
num_inconsistent_stats: 0.

CodeHeap 'non-profiled nmethods': size=119232Kb used=112Kb max_used=112Kb free=119119Kb
 bounds [0x00000223a3ed0000, 0x00000223a4140000, 0x00000223ab340000]
CodeHeap 'profiled nmethods': size=119104Kb used=456Kb max_used=456Kb free=118647Kb
 bounds [0x000002239c340000, 0x000002239c5b0000, 0x00000223a3790000]
CodeHeap 'non-nmethods': size=7424Kb used=1813Kb max_used=1813Kb free=5610Kb
 bounds [0x00000223a3790000, 0x00000223a3a00000, 0x00000223a3ed0000]
CodeCache: size=245760Kb, used=2381Kb, max_used=2381Kb, free=243376Kb
 total_blobs=813, nmethods=394, adapters=324, full_count=0
Compilation: enabled, stopped_count=0, restarted_count=0

Compilation events (20 events):
Event: 5.255 Thread 0x00000223b12583a0 nmethod 381 0x000002239c3ac708 code [0x000002239c3ac8c0, 0x000002239c3ad2a0]
Event: 5.255 Thread 0x00000223b12583a0  383       3       jdk.internal.constant.ClassOrInterfaceDescImpl::ofValidated (64 bytes)
Event: 5.255 Thread 0x00000223b12583a0 nmethod 383 0x000002239c3ad308 code [0x000002239c3ad420, 0x000002239c3ad690]
Event: 5.255 Thread 0x00000223b12583a0  384       3       jdk.internal.constant.ClassOrInterfaceDescImpl::<init> (10 bytes)
Event: 5.255 Thread 0x00000223b12583a0 nmethod 384 0x000002239c3ad708 code [0x000002239c3ad820, 0x000002239c3ad9d0]
Event: 5.255 Thread 0x00000223b12583a0  385       3       jdk.internal.classfile.impl.SplitConstantPool::findEntry (130 bytes)
Event: 5.255 Thread 0x00000223b13fc140 nmethod 382 0x000002239c3ada08 code [0x000002239c3adc20, 0x000002239c3ae890]
Event: 5.255 Thread 0x00000223b13fc140  387       3       jdk.internal.classfile.impl.StackMapGenerator$Type::<init> (20 bytes)
Event: 5.256 Thread 0x00000223b13fc140 nmethod 387 0x000002239c3ae908 code [0x000002239c3aea20, 0x000002239c3aec48]
Event: 5.256 Thread 0x00000223b13fc140  388       1       jdk.internal.classfile.impl.AbstractPoolEntry$NameAndTypeEntryImpl::tag (3 bytes)
Event: 5.256 Thread 0x00000223b13fc140 nmethod 388 0x00000223a3eeb688 code [0x00000223a3eeb780, 0x00000223a3eeb848]
Event: 5.256 Thread 0x00000223b12583a0 nmethod 385 0x000002239c3aec88 code [0x000002239c3aee60, 0x000002239c3af948]
Event: 5.256 Thread 0x00000223b12583a0  389       3       java.lang.String::toString (2 bytes)
Event: 5.256 Thread 0x00000223b12583a0 nmethod 389 0x000002239c3af988 code [0x000002239c3afaa0, 0x000002239c3afba8]
Event: 5.261 Thread 0x00000223b13fc140  390       3       java.lang.invoke.MethodType::makeImpl (155 bytes)
Event: 5.262 Thread 0x00000223b12583a0  394       3       java.lang.invoke.LambdaForm::argument (27 bytes)
Event: 5.262 Thread 0x00000223b13fc140 nmethod 390 0x000002239c3afc88 code [0x000002239c3aff80, 0x000002239c3b1880]
Event: 5.262 Thread 0x00000223b13fc140  399       3       jdk.internal.classfile.impl.StackMapGenerator$Frame::checkLocal (97 bytes)
Event: 5.263 Thread 0x00000223b13fc140 nmethod 399 0x000002239c3b1988 code [0x000002239c3b1b20, 0x000002239c3b2310]
Event: 5.263 Thread 0x00000223b13fc140  395       3       java.lang.invoke.LambdaForm$BasicType::basicType (187 bytes)

GC Heap History (0 events):
No events

Dll operation events (7 events):
Event: 0.007 Loaded shared library C:\Program Files\Apache NetBeans\jdk\bin\java.dll
Event: 2.085 Loaded shared library C:\Program Files\Apache NetBeans\jdk\bin\jsvml.dll
Event: 2.146 Loaded shared library C:\Program Files\Apache NetBeans\jdk\bin\net.dll
Event: 2.148 Loaded shared library C:\Program Files\Apache NetBeans\jdk\bin\nio.dll
Event: 2.172 Loaded shared library C:\Program Files\Apache NetBeans\jdk\bin\zip.dll
Event: 2.182 Loaded shared library C:\Program Files\Apache NetBeans\jdk\bin\jimage.dll
Event: 3.206 Loaded shared library C:\Program Files\Apache NetBeans\jdk\bin\awt.dll

Deoptimization events (0 events):
No events

Classes loaded (20 events):
Event: 5.259 Loading class java/util/concurrent/locks/Condition done
Event: 5.259 Loading class java/util/concurrent/locks/AbstractQueuedSynchronizer$ConditionObject done
Event: 5.259 Loading class sun/awt/WeakIdentityHashMap
Event: 5.260 Loading class sun/awt/WeakIdentityHashMap done
Event: 5.260 Loading class sun/awt/SoftCache
Event: 5.260 Loading class sun/awt/SoftCache done
Event: 5.260 Loading class sun/awt/AppContext$State
Event: 5.260 Loading class sun/awt/AppContext$State done
Event: 5.260 Loading class java/awt/EventQueue
Event: 5.260 Loading class java/awt/EventQueue done
Event: 5.260 Loading class java/awt/EventQueue$1
Event: 5.260 Loading class java/awt/EventQueue$1 done
Event: 5.260 Loading class java/awt/EventQueue$2
Event: 5.260 Loading class sun/awt/AWTAccessor$EventQueueAccessor
Event: 5.260 Loading class sun/awt/AWTAccessor$EventQueueAccessor done
Event: 5.260 Loading class java/awt/EventQueue$2 done
Event: 5.260 Loading class java/awt/Queue
Event: 5.260 Loading class java/awt/Queue done
Event: 5.261 Loading class java/lang/StringConcatHelper$Concat1
Event: 5.261 Loading class java/lang/StringConcatHelper$Concat1 done

Classes unloaded (0 events):
No events

Classes redefined (0 events):
No events

Internal exceptions (6 events):
Event: 2.149 Thread 0x00000223914a8ad0 Exception <a 'sun/nio/fs/WindowsException'{0x000000008c7c4288}> (0x000000008c7c4288) 
thrown [s\src\hotspot\share\prims\jni.cpp, line 518]
Event: 2.152 Thread 0x00000223914a8ad0 Exception <a 'sun/nio/fs/WindowsException'{0x000000008c7c69a0}> (0x000000008c7c69a0) 
thrown [s\src\hotspot\share\prims\jni.cpp, line 518]
Event: 2.152 Thread 0x00000223914a8ad0 Exception <a 'sun/nio/fs/WindowsException'{0x000000008c7c74b8}> (0x000000008c7c74b8) 
thrown [s\src\hotspot\share\prims\jni.cpp, line 518]
Event: 3.197 Thread 0x00000223914a8ad0 Exception <a 'java/lang/ClassNotFoundException'{0x000000008c516d70}: sun/awt/resources/spi/awtProvider> (0x000000008c516d70) 
thrown [s\src\hotspot\share\classfile\systemDictionary.cpp, line 327]
Event: 3.219 Thread 0x00000223914a8ad0 Exception <a 'java/io/FileNotFoundException'{0x000000008c539058}> (0x000000008c539058) 
thrown [s\src\hotspot\share\prims\jni.cpp, line 518]
Event: 3.223 Thread 0x00000223914a8ad0 Exception <a 'java/io/FileNotFoundException'{0x000000008c54b970}> (0x000000008c54b970) 
thrown [s\src\hotspot\share\prims\jni.cpp, line 518]

VM Operations (2 events):
Event: 2.154 Executing VM operation: HandshakeAllThreads (Deoptimize)
Event: 2.154 Executing VM operation: HandshakeAllThreads (Deoptimize) done

Memory protections (0 events):
No events

Nmethod flushes (0 events):
No events

Events (14 events):
Event: 2.038 Thread 0x00000223914a8ad0 Thread added: 0x00000223914a8ad0
Event: 2.083 Thread 0x00000223914a8ad0 Thread added: 0x00000223b1235630
Event: 2.083 Thread 0x00000223914a8ad0 Thread added: 0x00000223b1236280
Event: 2.083 Thread 0x00000223914a8ad0 Thread added: 0x00000223b1254830
Event: 2.084 Thread 0x00000223914a8ad0 Thread added: 0x00000223b1255360
Event: 2.084 Thread 0x00000223914a8ad0 Thread added: 0x00000223b1255e90
Event: 2.084 Thread 0x00000223914a8ad0 Thread added: 0x00000223b12569c0
Event: 2.084 Thread 0x00000223914a8ad0 Thread added: 0x00000223b1257820
Event: 2.084 Thread 0x00000223914a8ad0 Thread added: 0x00000223b12583a0
Event: 2.140 Thread 0x00000223b12583a0 Thread added: 0x00000223b13fc140
Event: 2.145 Thread 0x00000223914a8ad0 Thread added: 0x00000223b14aa100
Event: 2.160 Thread 0x00000223b13fc140 Thread added: 0x00000223b14bf310
Event: 2.164 Thread 0x00000223914a8ad0 Thread added: 0x00000223b1549ea0
Event: 3.191 Thread 0x00000223b14bf310 Thread exited: 0x00000223b14bf310


Dynamic libraries:
0x00007ff737730000 - 0x00007ff73773e000 	C:\Program Files\Apache NetBeans\jdk\bin\java.exe
0x00007ffeee360000 - 0x00007ffeee5c9000 	C:\WINDOWS\SYSTEM32\ntdll.dll
0x00007ffeec320000 - 0x00007ffeec3e9000 	C:\WINDOWS\System32\KERNEL32.DLL
0x00007ffeeb7a0000 - 0x00007ffeebb93000 	C:\WINDOWS\System32\KERNELBASE.dll
0x00007ffeebd40000 - 0x00007ffeebe8b000 	C:\WINDOWS\System32\ucrtbase.dll
0x00007ffe74850000 - 0x00007ffe74866000 	C:\Program Files\Apache NetBeans\jdk\bin\jli.dll
0x00007ffe748f0000 - 0x00007ffe7490e000 	C:\Program Files\Apache NetBeans\jdk\bin\VCRUNTIME140.dll
0x00007ffeec4b0000 - 0x00007ffeec674000 	C:\WINDOWS\System32\USER32.dll
0x00007ffeebba0000 - 0x00007ffeebbc7000 	C:\WINDOWS\System32\win32u.dll
0x00007ffed25b0000 - 0x00007ffed2843000 	C:\WINDOWS\WinSxS\amd64_microsoft.windows.common-controls_6595b64144ccf1df_6.0.26100.5074_none_3e0d6f78e32fd63f\COMCTL32.dll
0x00007ffeed140000 - 0x00007ffeed16b000 	C:\WINDOWS\System32\GDI32.dll
0x00007ffeed420000 - 0x00007ffeed4c9000 	C:\WINDOWS\System32\msvcrt.dll
0x00007ffeeb4f0000 - 0x00007ffeeb61d000 	C:\WINDOWS\System32\gdi32full.dll
0x00007ffeebe90000 - 0x00007ffeebf33000 	C:\WINDOWS\System32\msvcp_win.dll
0x00007ffeede60000 - 0x00007ffeede8f000 	C:\WINDOWS\System32\IMM32.DLL
0x00007ffed98b0000 - 0x00007ffed98bc000 	C:\Program Files\Apache NetBeans\jdk\bin\vcruntime140_1.dll
0x00007ffe73670000 - 0x00007ffe736fd000 	C:\Program Files\Apache NetBeans\jdk\bin\msvcp140.dll
0x00007ffe74910000 - 0x00007ffe7578c000 	C:\Program Files\Apache NetBeans\jdk\bin\server\jvm.dll
0x00007ffeeceb0000 - 0x00007ffeecf64000 	C:\WINDOWS\System32\ADVAPI32.dll
0x00007ffeed1d0000 - 0x00007ffeed276000 	C:\WINDOWS\System32\sechost.dll
0x00007ffeedd40000 - 0x00007ffeede58000 	C:\WINDOWS\System32\RPCRT4.dll
0x00007ffeec860000 - 0x00007ffeec8d4000 	C:\WINDOWS\System32\WS2_32.dll
0x00007ffeeb350000 - 0x00007ffeeb3ae000 	C:\WINDOWS\SYSTEM32\POWRPROF.dll
0x00007ffed5580000 - 0x00007ffed55b5000 	C:\WINDOWS\SYSTEM32\WINMM.dll
0x00007ffed3be0000 - 0x00007ffed3beb000 	C:\WINDOWS\SYSTEM32\VERSION.dll
0x00007ffeeb330000 - 0x00007ffeeb344000 	C:\WINDOWS\SYSTEM32\UMPDC.dll
0x00007ffeea2d0000 - 0x00007ffeea2eb000 	C:\WINDOWS\SYSTEM32\kernel.appcore.dll
0x00007ffe74880000 - 0x00007ffe7488a000 	C:\Program Files\Apache NetBeans\jdk\bin\jimage.dll
0x00007ffee8720000 - 0x00007ffee8962000 	C:\WINDOWS\SYSTEM32\DBGHELP.DLL
0x00007ffeedea0000 - 0x00007ffeee21b000 	C:\WINDOWS\System32\combase.dll
0x00007ffeed4d0000 - 0x00007ffeed5a7000 	C:\WINDOWS\System32\OLEAUT32.dll
0x00007ffed2bc0000 - 0x00007ffed2bfd000 	C:\WINDOWS\SYSTEM32\dbgcore.DLL
0x00007ffeebfd0000 - 0x00007ffeec069000 	C:\WINDOWS\System32\bcryptPrimitives.dll
0x00007ffe74890000 - 0x00007ffe748ae000 	C:\Program Files\Apache NetBeans\jdk\bin\java.dll
0x00007ffeed280000 - 0x00007ffeed418000 	C:\WINDOWS\System32\ole32.dll
0x00007ffeed5d0000 - 0x00007ffeedd1d000 	C:\WINDOWS\System32\SHELL32.dll
0x00007ffeebbd0000 - 0x00007ffeebd3c000 	C:\WINDOWS\System32\wintypes.dll
0x00007ffee9170000 - 0x00007ffee99c9000 	C:\WINDOWS\SYSTEM32\windows.storage.dll
0x00007ffeee220000 - 0x00007ffeee310000 	C:\WINDOWS\System32\SHCORE.dll
0x00007ffeec130000 - 0x00007ffeec192000 	C:\WINDOWS\System32\shlwapi.dll
0x00007ffeeb410000 - 0x00007ffeeb439000 	C:\WINDOWS\SYSTEM32\profapi.dll
0x00007ffe74770000 - 0x00007ffe74847000 	C:\Program Files\Apache NetBeans\jdk\bin\jsvml.dll
0x00007ffe74740000 - 0x00007ffe74750000 	C:\Program Files\Apache NetBeans\jdk\bin\net.dll
0x00007ffeea850000 - 0x00007ffeea8bb000 	C:\WINDOWS\system32\mswsock.dll
0x00007ffe74720000 - 0x00007ffe74736000 	C:\Program Files\Apache NetBeans\jdk\bin\nio.dll
0x00007ffe74750000 - 0x00007ffe74767000 	C:\Program Files\Apache NetBeans\jdk\bin\zip.dll
0x00007ffe73700000 - 0x00007ffe7387e000 	C:\Program Files\Apache NetBeans\jdk\bin\awt.dll
0x00007ffee8250000 - 0x00007ffee82ee000 	C:\WINDOWS\SYSTEM32\apphelp.dll

JVMTI agents: none

dbghelp: loaded successfully - version: 4.0.5 - missing functions: none
symbol engine: initialized successfully - sym options: 0x614 - pdb path: .;C:\Program Files\Apache NetBeans\jdk\bin;C:\WINDOWS\SYSTEM32;C:\WINDOWS\WinSxS\amd64_microsoft.windows.common-controls_6595b64144ccf1df_6.0.26100.5074_none_3e0d6f78e32fd63f;C:\Program Files\Apache NetBeans\jdk\bin\server

VM Arguments:
jvm_args: -Dfile.encoding=UTF-8 --module-path=C:\Users\DFIT\Documents\NetBeansProjects\Travel Management System\build\classes 
java_command: travel.management.system.Dashboard
java_class_path (initial): C:\Users\DFIT\Downloads\mysql-connector-java-8.0.28.jar;C:\Users\DFIT\Documents\NetBeansProjects\Travel Management System\build\classes
Launcher Type: SUN_STANDARD

[Global flags]
     intx CICompilerCount                          = 12                                        {product} {ergonomic}
     uint ConcGCThreads                            = 3                                         {product} {ergonomic}
     uint G1ConcRefinementThreads                  = 13                                        {product} {ergonomic}
   size_t G1HeapRegionSize                         = 1048576                                   {product} {ergonomic}
   size_t InitialHeapSize                          = 130023424                                 {product} {ergonomic}
   size_t MarkStackSize                            = 4194304                                   {product} {ergonomic}
   size_t MarkStackSizeMax                         = 536870912                                 {product} {ergonomic}
   size_t MaxHeapSize                              = 2065694720                                {product} {ergonomic}
   size_t MaxNewSize                               = 1239416832                                {product} {ergonomic}
   size_t MinHeapDeltaBytes                        = 1048576                                   {product} {ergonomic}
   size_t MinHeapSize                              = 8388608                                   {product} {ergonomic}
    uintx NonNMethodCodeHeapSize                   = 7602176                                {pd product} {ergonomic}
    uintx NonProfiledCodeHeapSize                  = 122093568                              {pd product} {ergonomic}
    uintx ProfiledCodeHeapSize                     = 121962496                              {pd product} {ergonomic}
    uintx ReservedCodeCacheSize                    = 251658240                              {pd product} {ergonomic}
     bool SegmentedCodeCache                       = true                                      {product} {ergonomic}
   size_t SoftMaxHeapSize                          = 2065694720                             {manageable} {ergonomic}
     bool UseCompressedOops                        = true                           {product lp64_product} {ergonomic}
     bool UseG1GC                                  = true                                      {product} {ergonomic}
     bool UseLargePagesIndividualAllocation        = false                                  {pd product} {ergonomic}

Logging:
Log output configuration:
 #0: stdout all=warning uptime,level,tags foldmultilines=false
 #1: stderr all=off uptime,level,tags foldmultilines=false

Environment Variables:
PATH=C:\Program Files\Common Files\Oracle\Java\javapath;C:\WINDOWS\system32;C:\WINDOWS;C:\WINDOWS\System32\Wbem;C:\WINDOWS\System32\WindowsPowerShell\v1.0\;C:\WINDOWS\System32\OpenSSH\;C:\Program Files\Java\jdk-24\bin;C:\Program Files\MySQL\MySQL Shell 8.0\bin\;C:\Users\DFIT\AppData\Local\Microsoft\WindowsApps;
USERNAME=DFIT
OS=Windows_NT
PROCESSOR_IDENTIFIER=Intel64 Family 6 Model 154 Stepping 3, GenuineIntel
TMP=C:\Users\DFIT\AppData\Local\Temp
TEMP=C:\Users\DFIT\AppData\Local\Temp




Periodic native trim disabled

---------------  S Y S T E M  ---------------

OS:
 Windows 11 , 64 bit Build 26100 (10.0.26100.5074)
OS uptime: 0 days 6:59 hours

CPU: total 16 (initial active 16) (8 cores per cpu, 2 threads per core) family 6 model 154 stepping 3 microcode 0x42c, cx8, cmov, fxsr, ht, mmx, 3dnowpref, sse, sse2, sse3, ssse3, sse4.1, sse4.2, popcnt, lzcnt, tsc, tscinvbit, avx, avx2, aes, erms, clmul, bmi1, bmi2, adx, sha, fma, vzeroupper, clflush, clflushopt, clwb, serialize, rdtscp, rdpid, fsrm, gfni, f16c, pku, cet_ibt, cet_ss
Processor Information for processor 0
  Max Mhz: 2500, Current Mhz: 2500, Mhz Limit: 2500
Processor Information for processor 1
  Max Mhz: 2500, Current Mhz: 2500, Mhz Limit: 2500
Processor Information for processor 2
  Max Mhz: 2500, Current Mhz: 2500, Mhz Limit: 2500
Processor Information for processor 3
  Max Mhz: 2500, Current Mhz: 2500, Mhz Limit: 2500
Processor Information for processor 4
  Max Mhz: 2500, Current Mhz: 2500, Mhz Limit: 2500
Processor Information for processor 5
  Max Mhz: 2500, Current Mhz: 2500, Mhz Limit: 2500
Processor Information for processor 6
  Max Mhz: 2500, Current Mhz: 2500, Mhz Limit: 2500
Processor Information for processor 7
  Max Mhz: 2500, Current Mhz: 2500, Mhz Limit: 2500
Processor Information for processor 8
  Max Mhz: 2500, Current Mhz: 1800, Mhz Limit: 1800
Processor Information for processor 9
  Max Mhz: 2500, Current Mhz: 1800, Mhz Limit: 1800
Processor Information for processor 10
  Max Mhz: 2500, Current Mhz: 1800, Mhz Limit: 1800
Processor Information for processor 11
  Max Mhz: 2500, Current Mhz: 1800, Mhz Limit: 1800
Processor Information for processor 12
  Max Mhz: 2500, Current Mhz: 1500, Mhz Limit: 1800
Processor Information for processor 13
  Max Mhz: 2500, Current Mhz: 1500, Mhz Limit: 1800
Processor Information for processor 14
  Max Mhz: 2500, Current Mhz: 1500, Mhz Limit: 1800
Processor Information for processor 15
  Max Mhz: 2500, Current Mhz: 1500, Mhz Limit: 1800

Memory: 4k page, system-wide physical 7877M (1007M free)
TotalPageFile size 30278M (AvailPageFile size 5M)
current process WorkingSet (physical memory assigned to process): 40M, peak: 46M
current process commit charge ("private bytes"): 213M, peak: 219M

vm_info: OpenJDK 64-Bit Server VM (24.0.2+12) for windows-amd64 JRE (24.0.2+12) (Zulu24.32+13-CA), built on 2025-07-11T12:45:44Z with MS VC++ 17.1 (VS2022)

END.
