#
# There is insufficient memory for the Java Runtime Environment to continue.
# Native memory allocation (mmap) failed to map 130023424 bytes. Error detail: G1 virtual space
# Possible reasons:
#   The system is out of physical RAM or swap space
#   This process is running with CompressedOops enabled, and the Java Heap may be blocking the growth of the native heap
# Possible solutions:
#   Reduce memory load on the system
#   Increase physical memory or swap space
#   Check if swap backing store is full
#   Decrease Java heap size (-Xmx/-Xms)
#   Decrease number of Java threads
#   Decrease Java thread stack sizes (-Xss)
#   Set larger code cache with -XX:ReservedCodeCacheSize=
#   JVM is running with Unscaled Compressed Oops mode in which the Java heap is
#     placed in the first 4GB address space. The Java Heap base address is the
#     maximum limit for the native heap growth. Please use -XX:HeapBaseMinAddress
#     to set the Java Heap base and to place the Java Heap above 4GB virtual address.
# This output file may be truncated or incomplete.
#
#  Out of Memory Error (os_windows.cpp:3564), pid=17064, tid=23712
#
# JRE version:  (24.0.2+12) (build )
# Java VM: OpenJDK 64-Bit Server VM (24.0.2+12, mixed mode, sharing, tiered, compressed oops, compressed class ptrs, g1 gc, windows-amd64)
# No core dump will be written. Minidumps are not enabled by default on client versions of Windows
#

---------------  S U M M A R Y ------------

Command Line: -Dfile.encoding=UTF-8 --module-path=C:\Users\DFIT\Documents\NetBeansProjects\Travel Management System\build\classes travel.management.system.Dashboard

Host: 12th Gen Intel(R) Core(TM) i5-12500H, 16 cores, 7G,  Windows 11 , 64 bit Build 26100 (10.0.26100.5074)
Time: Sun Sep  7 01:55:35 2025 Bangladesh Standard Time elapsed time: 2.031845 seconds (0d 0h 0m 2s)

---------------  T H R E A D  ---------------

Current thread (0x00000209d534ac10):  JavaThread "Unknown thread" [_thread_in_vm, id=23712, stack(0x0000009171400000,0x0000009171500000) (1024K)]

Stack: [0x0000009171400000,0x0000009171500000]
Native frames: (J=compiled Java code, j=interpreted, Vv=VM code, C=native code)
V  [jvm.dll+0x741329]  (no source info available)
V  [jvm.dll+0x97e243]  (no source info available)
V  [jvm.dll+0x98056d]  (no source info available)
V  [jvm.dll+0x980be3]  (no source info available)
V  [jvm.dll+0x2b5a76]  (no source info available)
V  [jvm.dll+0x73d795]  (no source info available)
V  [jvm.dll+0x730f4a]  (no source info available)
V  [jvm.dll+0x39ea2a]  (no source info available)
V  [jvm.dll+0x3a67a6]  (no source info available)
V  [jvm.dll+0x392fbe]  (no source info available)
V  [jvm.dll+0x393278]  (no source info available)
V  [jvm.dll+0x36a09c]  (no source info available)
V  [jvm.dll+0x36ad5d]  (no source info available)
V  [jvm.dll+0x9409ef]  (no source info available)
V  [jvm.dll+0x40786d]  (no source info available)
V  [jvm.dll+0x928e6e]  (no source info available)
V  [jvm.dll+0x4a2d0e]  (no source info available)
V  [jvm.dll+0x4a4c41]  (no source info available)
C  [jli.dll+0x52a1]  (no source info available)
C  [ucrtbase.dll+0x37b0]  (no source info available)
C  [KERNEL32.DLL+0x2e8d7]  (no source info available)
C  [ntdll.dll+0x8d9c]  (no source info available)

Lock stack of current Java thread (top to bottom):


---------------  P R O C E S S  ---------------

Threads class SMR info:
_java_thread_list=0x00007ffe7561bf58, length=0, elements={
}

Java Threads: ( => current thread )
Total: 0

Other Threads:
  0x00000209d770dae0 WorkerThread "GC Thread#0"                     [id=24688, stack(0x0000009171500000,0x0000009171600000) (1024K)]
  0x00000209d7721f00 ConcurrentGCThread "G1 Main Marker"            [id=16436, stack(0x0000009171600000,0x0000009171700000) (1024K)]
  0x00000209d7722a10 WorkerThread "G1 Conc#0"                       [id=9172, stack(0x0000009171700000,0x0000009171800000) (1024K)]

[error occurred during error reporting (printing all threads), id 0xc0000005, EXCEPTION_ACCESS_VIOLATION (0xc0000005) at pc=0x00007ffe74c8ef9a]
VM state: not at safepoint (not fully initialized)

VM Mutex/Monitor currently owned by a thread:  ([mutex/lock_event])
[0x00007ffe756a5148] Heap_lock - owner thread: 0x00000209d534ac10

Heap address: 0x0000000084e00000, size: 1970 MB, Compressed Oops mode: 32-bit

CDS archive(s) mapped at: [0x0000000000000000-0x0000000000000000-0x0000000000000000), size 0, SharedBaseAddress: 0x0000000800000000, ArchiveRelocationMode: 1.
UseCompressedClassPointers 1, UseCompactObjectHeaders 0
Narrow klass pointer bits 32, Max shift 3
Narrow klass base: 0xffffffffffffffff, Narrow klass shift: -1
Encoding Range: [0xffffffffffffffff - 0x000000007fffffff), (2147483648 bytes)
Klass Range:    [0x0000000000000000 - 0x0000000000000000), (0 bytes)
Klass ID Range:  [4294967295 - 0) (1)

GC Precious Log:
 CardTable entry size: 512
 Card Set container configuration: InlinePtr #cards 5 size 8 Array Of Cards #cards 10 size 36 Howl #buckets 4 coarsen threshold 1843 Howl Bitmap #cards 512 size 80 coarsen threshold 460 Card regions per heap region 1 cards per card region 2048

Heap:
 garbage-first heap   total reserved 2017280K, committed 0K, used 0K [0x0000000084e00000, 0x0000000100000000)
  region size 1024K, 0 young (0K), 0 survivors (0K)

[error occurred during error reporting (printing heap information), id 0xc0000005, EXCEPTION_ACCESS_VIOLATION (0xc0000005) at pc=0x00007ffe750afcd9]
GC Heap History (0 events):
No events

Dll operation events (1 events):
Event: 0.007 Loaded shared library C:\Program Files\Apache NetBeans\jdk\bin\java.dll

Deoptimization events (0 events):
No events

Classes loaded (0 events):
No events

Classes unloaded (0 events):
No events

Classes redefined (0 events):
No events

Internal exceptions (0 events):
No events

VM Operations (0 events):
No events

Memory protections (0 events):
No events

Nmethod flushes (0 events):
No events

Events (0 events):
No events


Dynamic libraries:
0x00007ff737730000 - 0x00007ff73773e000 	C:\Program Files\Apache NetBeans\jdk\bin\java.exe
0x00007ffeee360000 - 0x00007ffeee5c9000 	C:\WINDOWS\SYSTEM32\ntdll.dll
0x00007ffeec320000 - 0x00007ffeec3e9000 	C:\WINDOWS\System32\KERNEL32.DLL
0x00007ffeeb7a0000 - 0x00007ffeebb93000 	C:\WINDOWS\System32\KERNELBASE.dll
0x00007ffeebd40000 - 0x00007ffeebe8b000 	C:\WINDOWS\System32\ucrtbase.dll
0x00007ffe74850000 - 0x00007ffe74866000 	C:\Program Files\Apache NetBeans\jdk\bin\jli.dll
0x00007ffe748f0000 - 0x00007ffe7490e000 	C:\Program Files\Apache NetBeans\jdk\bin\VCRUNTIME140.dll
0x00007ffeec4b0000 - 0x00007ffeec674000 	C:\WINDOWS\System32\USER32.dll
0x00007ffeebba0000 - 0x00007ffeebbc7000 	C:\WINDOWS\System32\win32u.dll
0x00007ffeed140000 - 0x00007ffeed16b000 	C:\WINDOWS\System32\GDI32.dll
0x00007ffed25b0000 - 0x00007ffed2843000 	C:\WINDOWS\WinSxS\amd64_microsoft.windows.common-controls_6595b64144ccf1df_6.0.26100.5074_none_3e0d6f78e32fd63f\COMCTL32.dll
0x00007ffeeb4f0000 - 0x00007ffeeb61d000 	C:\WINDOWS\System32\gdi32full.dll
0x00007ffeed420000 - 0x00007ffeed4c9000 	C:\WINDOWS\System32\msvcrt.dll
0x00007ffeebe90000 - 0x00007ffeebf33000 	C:\WINDOWS\System32\msvcp_win.dll
0x00007ffeede60000 - 0x00007ffeede8f000 	C:\WINDOWS\System32\IMM32.DLL
0x00007ffed98b0000 - 0x00007ffed98bc000 	C:\Program Files\Apache NetBeans\jdk\bin\vcruntime140_1.dll
0x00007ffe73670000 - 0x00007ffe736fd000 	C:\Program Files\Apache NetBeans\jdk\bin\msvcp140.dll
0x00007ffe74910000 - 0x00007ffe7578c000 	C:\Program Files\Apache NetBeans\jdk\bin\server\jvm.dll
0x00007ffeeceb0000 - 0x00007ffeecf64000 	C:\WINDOWS\System32\ADVAPI32.dll
0x00007ffeed1d0000 - 0x00007ffeed276000 	C:\WINDOWS\System32\sechost.dll
0x00007ffeedd40000 - 0x00007ffeede58000 	C:\WINDOWS\System32\RPCRT4.dll
0x00007ffeec860000 - 0x00007ffeec8d4000 	C:\WINDOWS\System32\WS2_32.dll
0x00007ffeeb350000 - 0x00007ffeeb3ae000 	C:\WINDOWS\SYSTEM32\POWRPROF.dll
0x00007ffed5580000 - 0x00007ffed55b5000 	C:\WINDOWS\SYSTEM32\WINMM.dll
0x00007ffed3be0000 - 0x00007ffed3beb000 	C:\WINDOWS\SYSTEM32\VERSION.dll
0x00007ffeeb330000 - 0x00007ffeeb344000 	C:\WINDOWS\SYSTEM32\UMPDC.dll
0x00007ffeea2d0000 - 0x00007ffeea2eb000 	C:\WINDOWS\SYSTEM32\kernel.appcore.dll
0x00007ffe74880000 - 0x00007ffe7488a000 	C:\Program Files\Apache NetBeans\jdk\bin\jimage.dll
0x00007ffee8720000 - 0x00007ffee8962000 	C:\WINDOWS\SYSTEM32\DBGHELP.DLL
0x00007ffeedea0000 - 0x00007ffeee21b000 	C:\WINDOWS\System32\combase.dll
0x00007ffeed4d0000 - 0x00007ffeed5a7000 	C:\WINDOWS\System32\OLEAUT32.dll
0x00007ffed2bc0000 - 0x00007ffed2bfd000 	C:\WINDOWS\SYSTEM32\dbgcore.DLL
0x00007ffeebfd0000 - 0x00007ffeec069000 	C:\WINDOWS\System32\bcryptPrimitives.dll
0x00007ffe74890000 - 0x00007ffe748ae000 	C:\Program Files\Apache NetBeans\jdk\bin\java.dll
0x00007ffeed280000 - 0x00007ffeed418000 	C:\WINDOWS\System32\ole32.dll
0x00007ffeed5d0000 - 0x00007ffeedd1d000 	C:\WINDOWS\System32\SHELL32.dll
0x00007ffeebbd0000 - 0x00007ffeebd3c000 	C:\WINDOWS\System32\wintypes.dll

JVMTI agents: none

dbghelp: loaded successfully - version: 4.0.5 - missing functions: none
symbol engine: initialized successfully - sym options: 0x614 - pdb path: .;C:\Program Files\Apache NetBeans\jdk\bin;C:\WINDOWS\SYSTEM32;C:\WINDOWS\WinSxS\amd64_microsoft.windows.common-controls_6595b64144ccf1df_6.0.26100.5074_none_3e0d6f78e32fd63f;C:\Program Files\Apache NetBeans\jdk\bin\server

VM Arguments:
jvm_args: -Dfile.encoding=UTF-8 --module-path=C:\Users\DFIT\Documents\NetBeansProjects\Travel Management System\build\classes 
java_command: travel.management.system.Dashboard
java_class_path (initial): C:\Users\DFIT\Downloads\mysql-connector-java-8.0.28.jar;C:\Users\DFIT\Documents\NetBeansProjects\Travel Management System\build\classes
Launcher Type: SUN_STANDARD

[Global flags]
     intx CICompilerCount                          = 12                                        {product} {ergonomic}
     uint ConcGCThreads                            = 3                                         {product} {ergonomic}
     uint G1ConcRefinementThreads                  = 13                                        {product} {ergonomic}
   size_t G1HeapRegionSize                         = 1048576                                   {product} {ergonomic}
   size_t InitialHeapSize                          = 130023424                                 {product} {ergonomic}
   size_t MarkStackSize                            = 4194304                                   {product} {ergonomic}
   size_t MarkStackSizeMax                         = 536870912                                 {product} {ergonomic}
   size_t MaxHeapSize                              = 2065694720                                {product} {ergonomic}
   size_t MinHeapDeltaBytes                        = 1048576                                   {product} {ergonomic}
   size_t MinHeapSize                              = 8388608                                   {product} {ergonomic}
    uintx NonNMethodCodeHeapSize                   = 7602176                                {pd product} {ergonomic}
    uintx NonProfiledCodeHeapSize                  = 122093568                              {pd product} {ergonomic}
    uintx ProfiledCodeHeapSize                     = 121962496                              {pd product} {ergonomic}
    uintx ReservedCodeCacheSize                    = 251658240                              {pd product} {ergonomic}
     bool SegmentedCodeCache                       = true                                      {product} {ergonomic}
   size_t SoftMaxHeapSize                          = 2065694720                             {manageable} {ergonomic}
     bool UseCompressedOops                        = true                           {product lp64_product} {ergonomic}
     bool UseG1GC                                  = true                                      {product} {ergonomic}
     bool UseLargePagesIndividualAllocation        = false                                  {pd product} {ergonomic}

Logging:
Log output configuration:
 #0: stdout all=warning uptime,level,tags foldmultilines=false
 #1: stderr all=off uptime,level,tags foldmultilines=false

Environment Variables:
PATH=C:\Program Files\Common Files\Oracle\Java\javapath;C:\WINDOWS\system32;C:\WINDOWS;C:\WINDOWS\System32\Wbem;C:\WINDOWS\System32\WindowsPowerShell\v1.0\;C:\WINDOWS\System32\OpenSSH\;C:\Program Files\Java\jdk-24\bin;C:\Program Files\MySQL\MySQL Shell 8.0\bin\;C:\Users\DFIT\AppData\Local\Microsoft\WindowsApps;
USERNAME=DFIT
OS=Windows_NT
PROCESSOR_IDENTIFIER=Intel64 Family 6 Model 154 Stepping 3, GenuineIntel
TMP=C:\Users\DFIT\AppData\Local\Temp
TEMP=C:\Users\DFIT\AppData\Local\Temp




Periodic native trim disabled

---------------  S Y S T E M  ---------------

OS:
 Windows 11 , 64 bit Build 26100 (10.0.26100.5074)
OS uptime: 0 days 6:52 hours

CPU: total 16 (initial active 16) (8 cores per cpu, 2 threads per core) family 6 model 154 stepping 3 microcode 0x42c, cx8, cmov, fxsr, ht, mmx, 3dnowpref, sse, sse2, sse3, ssse3, sse4.1, sse4.2, popcnt, lzcnt, tsc, tscinvbit, avx, avx2, aes, erms, clmul, bmi1, bmi2, adx, sha, fma, vzeroupper, clflush, clflushopt, clwb, serialize, rdtscp, rdpid, fsrm, gfni, f16c, pku, cet_ibt, cet_ss
Processor Information for processor 0
  Max Mhz: 2500, Current Mhz: 2500, Mhz Limit: 2500
Processor Information for processor 1
  Max Mhz: 2500, Current Mhz: 2500, Mhz Limit: 2500
Processor Information for processor 2
  Max Mhz: 2500, Current Mhz: 2500, Mhz Limit: 2500
Processor Information for processor 3
  Max Mhz: 2500, Current Mhz: 2500, Mhz Limit: 2500
Processor Information for processor 4
  Max Mhz: 2500, Current Mhz: 2500, Mhz Limit: 2500
Processor Information for processor 5
  Max Mhz: 2500, Current Mhz: 2500, Mhz Limit: 2500
Processor Information for processor 6
  Max Mhz: 2500, Current Mhz: 2500, Mhz Limit: 2500
Processor Information for processor 7
  Max Mhz: 2500, Current Mhz: 2500, Mhz Limit: 2500
Processor Information for processor 8
  Max Mhz: 2500, Current Mhz: 1800, Mhz Limit: 1800
Processor Information for processor 9
  Max Mhz: 2500, Current Mhz: 1800, Mhz Limit: 1800
Processor Information for processor 10
  Max Mhz: 2500, Current Mhz: 1500, Mhz Limit: 1800
Processor Information for processor 11
  Max Mhz: 2500, Current Mhz: 1800, Mhz Limit: 1800
Processor Information for processor 12
  Max Mhz: 2500, Current Mhz: 1500, Mhz Limit: 1800
Processor Information for processor 13
  Max Mhz: 2500, Current Mhz: 1800, Mhz Limit: 1800
Processor Information for processor 14
  Max Mhz: 2500, Current Mhz: 1800, Mhz Limit: 1800
Processor Information for processor 15
  Max Mhz: 2500, Current Mhz: 1500, Mhz Limit: 1800

Memory: 4k page, system-wide physical 7877M (1208M free)
TotalPageFile size 30278M (AvailPageFile size 89M)
current process WorkingSet (physical memory assigned to process): 13M, peak: 13M
current process commit charge ("private bytes"): 71M, peak: 195M

vm_info: OpenJDK 64-Bit Server VM (24.0.2+12) for windows-amd64 JRE (24.0.2+12) (Zulu24.32+13-CA), built on 2025-07-11T12:45:44Z with MS VC++ 17.1 (VS2022)

END.
